$ next start -H "0.0.0.0" -p "3000"
  ▲ Next.js 14.2.26
  - Local:        http://localhost:3000
  - Network:      http://0.0.0.0:3000

 ✓ Starting...
 ✓ Ready in 762ms
🚀 Initializing server resources...
✅ Server resources initialized successfully
NextAuth конфигурация в [...nextauth]:
Доступные провайдеры: [ 'credentials' ]
Secret задан: true
Connected to database
 ⨯ The requested resource isn't a valid image for /images/car-silhouette.png received text/html; charset=utf-8
Fetching featured blog posts for home page
Found 0 published blog posts
 ⨯ The requested resource isn't a valid image for /images/car-silhouette.png received text/html; charset=utf-8
 ⨯ The requested resource isn't a valid image for /images/car-silhouette.png received text/html; charset=utf-8
Fetching featured blog posts for home page
Found 0 published blog posts
Fetching featured blog posts for home page
Found 0 published blog posts
 ⨯ The requested resource isn't a valid image for /images/car-silhouette.png received text/html; charset=utf-8
Fetching featured blog posts for home page
Found 0 published blog posts
 ⨯ The requested resource isn't a valid image for /images/car-silhouette.png received text/html; charset=utf-8
 ⚠ For production Image Optimization with Next.js, the optional 'sharp' package is strongly recommended. Run 'npm i sharp', and Next.js will use it automatically for Image Optimization.
Read more: https://nextjs.org/docs/messages/sharp-missing-in-production
Fetching featured blog posts for home page
Found 0 published blog posts
Fetching featured blog posts for home page
Found 0 published blog posts
Fetching featured blog posts for home page
Found 0 published blog posts
 ⨯ The requested resource isn't a valid image for /images/car-silhouette.png received text/html; charset=utf-8
Fetching featured blog posts for home page
Found 0 published blog posts
 ⨯ The requested resource isn't a valid image for /images/car-silhouette.png received text/html; charset=utf-8
Fetching featured blog posts for home page
Found 0 published blog posts
 ⨯ The requested resource isn't a valid image for /images/car-silhouette.png received text/html; charset=utf-8
Rendering blog page, fetching latest posts...
Found 0 published blog posts for display
`x-forwarded-host` header with value `5.63.152.207:80` does not match `origin` header with value `5.63.152.207` from a forwarded Server Actions request. Aborting the action.
 ⨯ Error: Invalid Server Actions request.
    at rE (/var/www/www-root/data/www/royaltransfer.org/node_modules/next/dist/compiled/next-server/app-page.runtime.prod.js:15:7189)
    at r7 (/var/www/www-root/data/www/royaltransfer.org/node_modules/next/dist/compiled/next-server/app-page.runtime.prod.js:18:1150)
    at /var/www/www-root/data/www/royaltransfer.org/node_modules/next/dist/compiled/next-server/app-page.runtime.prod.js:19:726
    at AsyncLocalStorage.run (node:async_hooks:346:14)
    at Object.wrap (/var/www/www-root/data/www/royaltransfer.org/node_modules/next/dist/compiled/next-server/app-page.runtime.prod.js:13:17831)
    at /var/www/www-root/data/www/royaltransfer.org/node_modules/next/dist/compiled/next-server/app-page.runtime.prod.js:19:616
    at AsyncLocalStorage.run (node:async_hooks:346:14)
    at Object.wrap (/var/www/www-root/data/www/royaltransfer.org/node_modules/next/dist/compiled/next-server/app-page.runtime.prod.js:13:16935)
    at ne (/var/www/www-root/data/www/royaltransfer.org/node_modules/next/dist/compiled/next-server/app-page.runtime.prod.js:19:543)
    at nx.render (/var/www/www-root/data/www/royaltransfer.org/node_modules/next/dist/compiled/next-server/app-page.runtime.prod.js:19:4578)
Rendering blog page, fetching latest posts...
Found 0 published blog posts for display
Rendering blog page, fetching latest posts...
Found 0 published blog posts for display
Rendering blog page, fetching latest posts...
Found 0 published blog posts for display
Fetching featured blog posts for home page
Found 0 published blog posts
Fetching featured blog posts for home page
Found 0 published blog posts
Fetching featured blog posts for home page
Found 0 published blog posts
 ⨯ The requested resource isn't a valid image for /images/car-silhouette.png received text/html; charset=utf-8
Fetching featured blog posts for home page
Found 0 published blog posts
 ⨯ The requested resource isn't a valid image for /images/car-silhouette.png received text/html; charset=utf-8
 ⨯ The requested resource isn't a valid image for /images/car-silhouette.png received text/html; charset=utf-8
 ⨯ The requested resource isn't a valid image for /images/car-silhouette.png received text/html; charset=utf-8
Fetching featured blog posts for home page
Found 0 published blog posts
 ⨯ The requested resource isn't a valid image for /images/car-silhouette.png received text/html; charset=utf-8
Rendering blog page, fetching latest posts...
Found 0 published blog posts for display
Rendering blog page, fetching latest posts...
Found 0 published blog posts for display
Fetching blog posts, showAll=false
Found 0 blog posts
 ⨯ The requested resource isn't a valid image for /images/car-silhouette.png received text/html; charset=utf-8
Fetching featured blog posts for home page
Found 0 published blog posts
 ⨯ The requested resource isn't a valid image for /images/car-silhouette.png received text/html; charset=utf-8
Fetching blog posts, showAll=false
Found 0 blog posts
Created new blog post: Трансфер из Калининграда в Гданьск: полное руководство по комфортной поездке в 2025 году (ID: 14, Published: true)
Fetching blog posts, showAll=false
Found 1 blog posts
 ⨯ The requested resource isn't a valid image for /images/car-silhouette.png received text/html; charset=utf-8
Fetching featured blog posts for home page
Found 1 published blog posts
 ⨯ The requested resource isn't a valid image for /images/car-silhouette.png received text/html; charset=utf-8
Rendering blog post page for slug: transfer-iz-kaliningrada-v-gdansk
Rendering blog page, fetching latest posts...
Found 1 published blog posts for display
Rendering blog post page for slug: transfer-iz-kaliningrada-v-gdansk
 ⨯ The requested resource isn't a valid image for /images/car-silhouette.png received text/html; charset=utf-8
Fetching featured blog posts for home page
Found 1 published blog posts
 ⨯ The requested resource isn't a valid image for /images/car-silhouette.png received text/html; charset=utf-8
Rendering blog page, fetching latest posts...
Found 1 published blog posts for display
